<?xml version="1.0" encoding="UTF-8"?>
<!-- Generated by org.testng.reporters.JUnitReportReporter -->
<testsuite skipped="0" hostname="Sales-07" name="testes.SearchTest" tests="1" failures="0" timestamp="22 Aug 2018 12:23:09 GMT" time="2.547" errors="0">
  <testcase name="SearchProductName" time="2.547" classname="testes.SearchTest"/>
</testsuite> <!-- testes.SearchTest -->
